{"@timestamp":"2024-09-18T14:58:32.300+08:00","caller":"proc/shutdown.go:58","content":"Got signal 2, shutting down...","level":"info"}
{"@timestamp":"2024-09-19T17:36:21.621+08:00","caller":"mon/util.go:59","content":"mongo(chat_log) - InsertOne - ok - [{\"id\":\"66ebf095c6f750ba733fd953\",\"ConversationId\":\"0x0000002000000001_0x0000001000000001\",\"SendId\":\"0x0000002000000001\",\"RecvId\":\"0x0000001000000001\",\"MsgFrom\":0,\"ChatType\":2,\"MsgType\":0,\"MsgContent\":\"hello\",\"SendTime\":1726738581600935200,\"Status\":0,\"updatedAt\":\"2024-09-19T17:36:21.6009352+08:00\",\"createdAt\":\"2024-09-19T17:36:21.6009352+08:00\"}]","duration":"19.5ms","level":"info","span":"2f62eddfdf2e31b0","trace":"00096b95a7a0ba1ce7d2bee3c59c3e90"}
{"@timestamp":"2024-09-19T17:38:57.368+08:00","caller":"mon/util.go:59","content":"mongo(chat_log) - InsertOne - ok - [{\"id\":\"66ebf131f4d6e5ddfd26549e\",\"conversationId\":\"0x0000002000000001_0x0000001000000001\",\"sendId\":\"0x0000002000000001\",\"recvId\":\"0x0000001000000001\",\"msgFrom\":0,\"chatType\":2,\"msgType\":0,\"msgContent\":\"hello\",\"sendTime\":1726738737361373600,\"status\":0,\"updatedAt\":\"2024-09-19T17:38:57.3613736+08:00\",\"createdAt\":\"2024-09-19T17:38:57.3613736+08:00\"}]","duration":"7.5ms","level":"info","span":"3aa4ddc98426ae97","trace":"a6e322c83310f5e7380e6ef48d8377cc"}
{"@timestamp":"2024-09-19T17:50:35.344+08:00","caller":"mon/util.go:59","content":"mongo(chat_log) - InsertOne - ok - [{\"id\":\"66ebf3eb1fd5a7b4fa7a0b40\",\"ConversationId\":\"0x0000002000000001_0x0000001000000001\",\"SendId\":\"0x0000002000000001\",\"RecvId\":\"0x0000001000000001\",\"MsgFrom\":0,\"ChatType\":2,\"MsgType\":0,\"MsgContent\":\"hello\",\"SendTime\":1726739435326353300,\"Status\":0,\"updatedAt\":\"2024-09-19T17:50:35.3263533+08:00\",\"createdAt\":\"2024-09-19T17:50:35.3263533+08:00\"}]","duration":"17.0ms","level":"info","span":"781a14f1a0c5beb4","trace":"cd0396bd1151a2b991790f6e443f78c9"}
{"@timestamp":"2024-09-19T17:50:53.008+08:00","caller":"mon/util.go:59","content":"mongo(chat_log) - InsertOne - ok - [{\"id\":\"66ebf3fcf0b3b24d12f9a993\",\"ConversationId\":\"0x0000002000000001_0x0000001000000001\",\"SendId\":\"0x0000002000000001\",\"RecvId\":\"0x0000001000000001\",\"MsgFrom\":0,\"ChatType\":2,\"MsgType\":0,\"MsgContent\":\"hello\",\"SendTime\":1726739452999019900,\"Status\":0,\"updatedAt\":\"2024-09-19T17:50:52.9990199+08:00\",\"createdAt\":\"2024-09-19T17:50:52.9990199+08:00\"}]","duration":"9.3ms","level":"info","span":"d05c22dc0bc1e6c8","trace":"996af97086d3d546079ba1113abf961c"}
{"@timestamp":"2024-09-19T21:41:51.730+08:00","caller":"push/push.go:31","content":"push msg {0x0000002000000001_0x0000001000000001 2 0x0000002000000001 0x0000001000000001 1726753309529076480 {0 }}","level":"info"}
{"@timestamp":"2024-09-19T21:50:15.996+08:00","caller":"push/push.go:31","content":"push msg {0x0000002000000001_0x0000001000000001 2 0x0000002000000001 0x0000001000000001 1726753729576674304 {0 }}","level":"info"}
{"@timestamp":"2024-09-19T21:50:32.997+08:00","caller":"push/push.go:31","content":"push msg {0x0000002000000001_0x0000001000000001 2 0x0000002000000001 0x0000001000000001 1726753830905758720 0 hello}","level":"info"}
{"@timestamp":"2024-09-20T13:43:17.374+08:00","caller":"websocket/server.go:160","content":"conn message read ack msg {0 123456 0 {0 0 <nil>} 0 user.online  map[]}","level":"info"}
{"@timestamp":"2024-09-20T13:46:56.887+08:00","caller":"websocket/server.go:160","content":"conn message read ack msg {0 123456 0 {0 0 <nil>} 0 user.online  map[]}","level":"info"}
{"@timestamp":"2024-09-20T13:49:38.387+08:00","caller":"websocket/server.go:129","content":"conn message read ack msg {0 123456 0 {0 0 <nil>} 0 user.online  map[]}","level":"info"}
{"@timestamp":"2024-09-20T13:50:44.908+08:00","caller":"websocket/server.go:129","content":"conn message read ack msg {0 123456 0 {0 0 <nil>} 0 user.online  map[]}","level":"info"}
{"@timestamp":"2024-09-20T13:53:10.815+08:00","caller":"websocket/server.go:129","content":"conn message read ack msg {0 123456 0 {0 0 <nil>} 0 user.online  map[]}","level":"info"}
{"@timestamp":"2024-09-20T13:53:35.946+08:00","caller":"websocket/server.go:129","content":"conn message read ack msg {0 123456 0 {0 0 <nil>} 0 user.online  map[]}","level":"info"}
{"@timestamp":"2024-09-20T13:55:13.664+08:00","caller":"websocket/server.go:129","content":"conn message read ack msg {0 123456 0 {0 0 <nil>} 0 user.online  map[]}","level":"info"}
{"@timestamp":"2024-09-20T13:55:31.212+08:00","caller":"websocket/server.go:129","content":"conn message read ack msg {0 123456 0 {0 0 <nil>} 0 user.online  map[]}","level":"info"}
{"@timestamp":"2024-09-20T13:58:09.470+08:00","caller":"websocket/server.go:129","content":"conn message read ack msg {0 123456 0 {0 0 <nil>} 0 user.online  map[]}","level":"info"}
{"@timestamp":"2024-09-20T13:58:25.259+08:00","caller":"websocket/server.go:129","content":"conn message read ack msg {0 123456 0 {0 0 <nil>} 0 user.online  map[]}","level":"info"}
{"@timestamp":"2024-09-20T14:01:02.354+08:00","caller":"websocket/server.go:129","content":"conn message read ack msg {0 123456 0 {0 0 <nil>} 0 user.online  map[]}","level":"info"}
{"@timestamp":"2024-09-20T14:02:36.375+08:00","caller":"websocket/server.go:129","content":"conn message read ack msg {0 123456 0 {0 0 <nil>} 0 user.online  map[]}","level":"info"}
{"@timestamp":"2024-09-20T14:22:22.999+08:00","caller":"websocket/server.go:129","content":"conn message read ack msg {0 123456 0 {0 0 <nil>} 0 user.online  map[]}","level":"info"}
{"@timestamp":"2024-09-20T14:27:51.726+08:00","caller":"websocket/server.go:129","content":"conn message read ack msg {0 123456 0 {0 0 <nil>} 0 user.online  map[]}","level":"info"}
{"@timestamp":"2024-09-20T14:28:17.233+08:00","caller":"websocket/server.go:129","content":"conn message read ack msg {0 123456 0 {0 0 <nil>} 0 user.online  map[]}","level":"info"}
{"@timestamp":"2024-09-20T14:32:08.311+08:00","caller":"websocket/server.go:129","content":"conn message read ack msg {0 123456 0 {0 0 <nil>} 0 user.online  map[]}","level":"info"}
{"@timestamp":"2024-09-20T14:35:48.185+08:00","caller":"websocket/server.go:129","content":"conn message read ack msg {0 123456 0 {0 0 <nil>} 0 user.online  map[]}","level":"info"}
{"@timestamp":"2024-09-20T14:36:19.562+08:00","caller":"websocket/server.go:129","content":"conn message read ack msg {0 123456 0 {0 0 <nil>} 0 user.online  map[]}","level":"info"}
{"@timestamp":"2024-09-20T14:36:19.572+08:00","caller":"websocket/server.go:195","content":"message ack RigorAck send mid 123456, seq 1, time 2024-09-20 14:36:19.5724757 +0800 CST m=+4.188033501","level":"info"}
{"@timestamp":"2024-09-20T14:36:25.595+08:00","caller":"websocket/server.go:151","content":"close message ack uid 0x0000002000000001","level":"info"}
{"@timestamp":"2024-09-20T14:36:28.822+08:00","caller":"websocket/server.go:129","content":"conn message read ack msg {0 123456 0 {0 0 <nil>} 0 user.online  map[]}","level":"info"}
{"@timestamp":"2024-09-20T14:36:28.832+08:00","caller":"websocket/server.go:195","content":"message ack RigorAck send mid 123456, seq 1, time 2024-09-20 14:36:28.8329205 +0800 CST m=+13.448478301","level":"info"}
{"@timestamp":"2024-09-20T14:36:49.885+08:00","caller":"websocket/server.go:151","content":"close message ack uid 0x0000002000000001","level":"info"}
{"@timestamp":"2024-09-20T14:43:05.009+08:00","caller":"websocket/server.go:129","content":"conn message read ack msg {0 123456 0 {0 0 <nil>} 0 user.online  map[]}","level":"info"}
{"@timestamp":"2024-09-20T14:43:05.019+08:00","caller":"websocket/server.go:195","content":"message ack RigorAck send mid 123456, seq 1, time 2024-09-20 14:43:05.0195484 +0800 CST m=+6.339057501","level":"info"}
{"@timestamp":"2024-09-20T14:44:33.061+08:00","caller":"websocket/server.go:129","content":"conn message read ack msg {0 123456 0 {0 0 <nil>} 0 user.online  map[]}","level":"info"}
{"@timestamp":"2024-09-20T14:44:33.073+08:00","caller":"websocket/server.go:195","content":"message ack RigorAck send mid 123456, seq 1, time 2024-09-20 14:44:33.0738055 +0800 CST m=+94.393314601","level":"info"}
{"@timestamp":"2024-09-20T14:44:39.092+08:00","caller":"websocket/server.go:151","content":"close message ack uid 0x0000002000000001","level":"info"}
{"@timestamp":"2024-09-20T14:44:43.114+08:00","caller":"websocket/server.go:129","content":"conn message read ack msg {0 123456 0 {0 0 <nil>} 0 user.online  map[]}","level":"info"}
{"@timestamp":"2024-09-20T14:44:43.128+08:00","caller":"websocket/server.go:195","content":"message ack RigorAck send mid 123456, seq 1, time 2024-09-20 14:44:43.128645 +0800 CST m=+104.448154101","level":"info"}
{"@timestamp":"2024-09-20T14:45:09.764+08:00","caller":"websocket/server.go:129","content":"conn message read ack msg {0 123456 0 {0 0 <nil>} 0 user.online  map[]}","level":"info"}
{"@timestamp":"2024-09-20T14:45:09.769+08:00","caller":"websocket/server.go:195","content":"message ack RigorAck send mid 123456, seq 1, time 2024-09-20 14:45:09.7694736 +0800 CST m=+5.809361001","level":"info"}
{"@timestamp":"2024-09-20T14:45:20.896+08:00","caller":"websocket/server.go:129","content":"conn message read ack msg {2 123456 0 {0 0 <nil>} 0   <nil>}","level":"info"}
{"@timestamp":"2024-09-20T14:45:39.788+08:00","caller":"websocket/server.go:151","content":"close message ack uid 0x0000002000000001","level":"info"}
{"@timestamp":"2024-09-20T14:47:16.133+08:00","caller":"websocket/server.go:129","content":"conn message read ack msg {0 123456 0 {0 0 <nil>} 0 user.online  map[]}","level":"info"}
{"@timestamp":"2024-09-20T14:47:16.144+08:00","caller":"websocket/server.go:195","content":"message ack RigorAck send mid 123456, seq 1, time 2024-09-20 14:47:16.1441305 +0800 CST m=+6.446527801","level":"info"}
{"@timestamp":"2024-09-20T14:47:21.385+08:00","caller":"websocket/server.go:129","content":"conn message read ack msg {2 123456 0 {0 0 <nil>} 0   <nil>}","level":"info"}
{"@timestamp":"2024-09-20T14:48:20.654+08:00","caller":"websocket/server.go:151","content":"close message ack uid 0x0000002000000001","level":"info"}
{"@timestamp":"2024-09-20T14:48:26.299+08:00","caller":"websocket/server.go:129","content":"conn message read ack msg {2 123456 0 {0 0 <nil>} 0   <nil>}","level":"info"}
{"@timestamp":"2024-09-20T14:48:31.019+08:00","caller":"websocket/server.go:129","content":"conn message read ack msg {0 123456 0 {0 0 <nil>} 0 user.online  map[]}","level":"info"}
{"@timestamp":"2024-09-20T14:48:32.295+08:00","caller":"websocket/server.go:195","content":"message ack RigorAck send mid 123456, seq 1, time 2024-09-20 14:48:32.2958276 +0800 CST m=+82.598224901","level":"info"}
{"@timestamp":"2024-09-20T14:48:36.039+08:00","caller":"websocket/server.go:129","content":"conn message read ack msg {2 123456 0 {0 0 <nil>} 0   <nil>}","level":"info"}
{"@timestamp":"2024-09-20T14:48:53.037+08:00","caller":"websocket/server.go:129","content":"conn message read ack msg {2 123456 0 {0 0 <nil>} 0   <nil>}","level":"info"}
{"@timestamp":"2024-09-20T14:48:53.037+08:00","caller":"websocket/server.go:129","content":"conn message read ack msg {2 123456 0 {0 0 <nil>} 0   <nil>}","level":"info"}
{"@timestamp":"2024-09-20T14:48:53.037+08:00","caller":"websocket/server.go:129","content":"conn message read ack msg {2 123456 0 {0 0 <nil>} 0   <nil>}","level":"info"}
{"@timestamp":"2024-09-20T14:50:35.904+08:00","caller":"websocket/server.go:129","content":"conn message read ack msg {0 123456 0 {0 0 <nil>} 0 user.online  map[]}","level":"info"}
{"@timestamp":"2024-09-20T14:50:37.960+08:00","caller":"websocket/server.go:195","content":"message ack RigorAck send mid 123456, seq 1, time 2024-09-20 14:50:37.9606338 +0800 CST m=+10.937452201","level":"info"}
{"@timestamp":"2024-09-20T14:50:41.806+08:00","caller":"websocket/server.go:129","content":"conn message read ack msg {2 123456 0 {0 0 <nil>} 0   <nil>}","level":"info"}
{"@timestamp":"2024-09-20T14:58:44.956+08:00","caller":"websocket/server.go:129","content":"conn message read ack msg {2 123456 0 {0 0 <nil>} 0   <nil>}","level":"info"}
{"@timestamp":"2024-09-20T15:05:17.694+08:00","caller":"websocket/server.go:129","content":"conn message read ack msg {2 123456 0 {0 0 <nil>} 0   <nil>}","level":"info"}
{"@timestamp":"2024-09-20T15:05:17.694+08:00","caller":"websocket/server.go:129","content":"conn message read ack msg {0 123456 0 {0 0 <nil>} 0 user.online  map[]}","level":"info"}
{"@timestamp":"2024-09-20T15:05:28.657+08:00","caller":"websocket/server.go:129","content":"conn message read ack msg {0 123456 0 {0 0 <nil>} 0 user.online  map[]}","level":"info"}
{"@timestamp":"2024-09-20T15:05:34.592+08:00","caller":"websocket/server.go:129","content":"conn message read ack msg {0 123456 0 {0 0 <nil>} 0 user.online  map[]}","level":"info"}
{"@timestamp":"2024-09-20T15:06:41.837+08:00","caller":"websocket/server.go:129","content":"conn message read ack msg {0 123456 0 {0 0 <nil>} 0 user.online  map[]}","level":"info"}
{"@timestamp":"2024-09-20T15:06:53.049+08:00","caller":"websocket/server.go:129","content":"conn message read ack msg {0 123456 0 {0 0 <nil>} 0 user.online  map[]}","level":"info"}
{"@timestamp":"2024-09-20T15:06:53.054+08:00","caller":"websocket/server.go:195","content":"message ack RigorAck send mid 123456, seq 1, time 2024-09-20 15:06:53.0546356 +0800 CST m=+9.025706801","level":"info"}
{"@timestamp":"2024-09-20T15:07:07.745+08:00","caller":"websocket/server.go:129","content":"conn message read ack msg {2 123456 0 {0 0 <nil>} 0   <nil>}","level":"info"}
{"@timestamp":"2024-09-20T15:07:34.304+08:00","caller":"websocket/server.go:129","content":"conn message read ack msg {2 123456 0 {0 0 <nil>} 0   <nil>}","level":"info"}
{"@timestamp":"2024-09-20T15:08:18.631+08:00","caller":"websocket/server.go:129","content":"conn message read ack msg {0 123456 0 {0 0 <nil>} 0 user.online  map[]}","level":"info"}
{"@timestamp":"2024-09-20T15:08:19.436+08:00","caller":"websocket/server.go:129","content":"conn message read ack msg {2 123456 0 {0 0 <nil>} 0   <nil>}","level":"info"}
{"@timestamp":"2024-09-20T15:08:19.436+08:00","caller":"websocket/server.go:195","content":"message ack RigorAck send mid 123456, seq 1, time 2024-09-20 15:08:19.4364199 +0800 CST m=+43.642117101","level":"info"}
{"@timestamp":"2024-09-20T15:08:29.051+08:00","caller":"websocket/server.go:129","content":"conn message read ack msg {2 123456 0 {0 0 <nil>} 0   <nil>}","level":"info"}
{"@timestamp":"2024-09-20T15:08:33.489+08:00","caller":"websocket/server.go:129","content":"conn message read ack msg {2 123456 0 {0 0 <nil>} 0   <nil>}","level":"info"}
{"@timestamp":"2024-09-20T15:09:52.672+08:00","caller":"websocket/server.go:129","content":"conn message read ack msg {2 123456 0 {0 0 <nil>} 0   <nil>}","level":"info"}
{"@timestamp":"2024-09-20T15:10:28.171+08:00","caller":"websocket/server.go:129","content":"conn message read ack msg {0 123456 0 {0 0 <nil>} 0 user.online  map[]}","level":"info"}
{"@timestamp":"2024-09-20T15:11:28.744+08:00","caller":"websocket/server.go:195","content":"message ack RigorAck send mid 123456, seq 1, time 2024-09-20 15:11:28.7436938 +0800 CST m=+68.156029401","level":"info"}
{"@timestamp":"2024-09-20T15:11:37.436+08:00","caller":"websocket/server.go:129","content":"conn message read ack msg {2 123456 0 {0 0 <nil>} 0   <nil>}","level":"info"}
{"@timestamp":"2024-09-20T15:13:08.760+08:00","caller":"websocket/server.go:129","content":"conn message read ack msg {0 123456 0 {0 0 <nil>} 0 user.online  map[]}","level":"info"}
{"@timestamp":"2024-09-20T15:13:08.769+08:00","caller":"websocket/server.go:195","content":"message ack RigorAck send mid 123456, seq 1, time 2024-09-20 15:13:08.7692949 +0800 CST m=+7.664576401","level":"info"}
{"@timestamp":"2024-09-20T15:13:11.486+08:00","caller":"websocket/server.go:129","content":"conn message read ack msg {2 123456 0 {0 0 <nil>} 0   <nil>}","level":"info"}
{"@timestamp":"2024-09-20T15:13:34.689+08:00","caller":"websocket/server.go:129","content":"conn message read ack msg {0 123456 0 {0 0 <nil>} 0 user.online  map[]}","level":"info"}
{"@timestamp":"2024-09-20T15:13:34.690+08:00","caller":"websocket/server.go:195","content":"message ack RigorAck send mid 123456, seq 1, time 2024-09-20 15:13:34.6905937 +0800 CST m=+33.585875201","level":"info"}
{"@timestamp":"2024-09-20T15:13:38.786+08:00","caller":"websocket/server.go:151","content":"close message ack uid 0x0000002000000001","level":"info"}
{"@timestamp":"2024-09-20T15:13:39.594+08:00","caller":"websocket/server.go:129","content":"conn message read ack msg {2 123456 2 {0 0 <nil>} 0   <nil>}","level":"info"}
{"@timestamp":"2024-09-20T15:13:44.694+08:00","caller":"websocket/server.go:210","content":"message ack RigorAck success mid 123456","level":"info"}
{"@timestamp":"2024-09-20T15:39:16.141+08:00","caller":"websocket/server.go:151","content":"close message ack uid 0x0000002000000001","level":"info"}
{"@timestamp":"2024-09-20T15:39:28.040+08:00","caller":"websocket/server.go:129","content":"conn message read ack msg {0 123456 0 {0 0 <nil>} 0 user.online  map[]}","level":"info"}
{"@timestamp":"2024-09-20T15:39:28.041+08:00","caller":"websocket/server.go:219","content":"message ack RigorAck send mid 123456, seq 1, time 2024-09-20 15:39:28.0417349 +0800 CST m=+5.503649301","level":"info"}
{"@timestamp":"2024-09-20T15:39:38.978+08:00","caller":"websocket/server.go:129","content":"conn message read ack msg {2 123456 0 {0 0 <nil>} 0   <nil>}","level":"info"}
{"@timestamp":"2024-09-20T15:39:43.827+08:00","caller":"websocket/server.go:129","content":"conn message read ack msg {2 123456 0 {0 0 <nil>} 0   <nil>}","level":"info"}
{"@timestamp":"2024-09-20T15:39:54.893+08:00","caller":"websocket/server.go:129","content":"conn message read ack msg {2 123456 2 {0 0 <nil>} 0   <nil>}","level":"info"}
{"@timestamp":"2024-09-20T15:39:54.893+08:00","caller":"websocket/server.go:235","content":"message ack RigorAck success mid 123456","level":"info"}
{"@timestamp":"2024-09-20T15:40:03.502+08:00","caller":"websocket/server.go:129","content":"conn message read ack msg {0 123456 0 {0 0 <nil>} 0 user.online  map[]}","level":"info"}
{"@timestamp":"2024-09-20T15:40:03.511+08:00","caller":"websocket/server.go:219","content":"message ack RigorAck send mid 123456, seq 1, time 2024-09-20 15:40:03.5116241 +0800 CST m=+40.973538501","level":"info"}
{"@timestamp":"2024-09-20T15:40:05.204+08:00","caller":"websocket/server.go:129","content":"conn message read ack msg {2 123456 2 {0 0 <nil>} 0   <nil>}","level":"info"}
{"@timestamp":"2024-09-20T15:40:05.209+08:00","caller":"websocket/server.go:235","content":"message ack RigorAck success mid 123456","level":"info"}
